<?xml version="1.0" encoding="UTF-8" ?>
<testsuite errors="0" failures="0" hostname="Anarchy99.local" name="sixthsense.RectangleRTest" tests="13" time="0.456" timestamp="2012-06-26T16:25:24">
  <properties>
[...]
</properties>
  <testcase classname="sixthsense.RectangleRTest" name="testTopLeft" time="0.02" />
  <testcase classname="sixthsense.RectangleRTest" name="testBottomRight" time="0.0" />
  <testcase classname="sixthsense.RectangleRTest" name="testMaxSide" time="0.0" />
  <testcase classname="sixthsense.RectangleRTest" name="testDiagonal" time="0.0" />
  <testcase classname="sixthsense.RectangleRTest" name="testValueConstructor" time="0.0010" />
  <testcase classname="sixthsense.RectangleRTest" name="testMinSide" time="0.0" />
  <testcase classname="sixthsense.RectangleRTest" name="testCenterPoint" time="0.0" />
  <testcase classname="sixthsense.RectangleRTest" name="testUnequalHeight" time="0.0" />
  <testcase classname="sixthsense.RectangleRTest" name="testEquals" time="0.0" />
  <testcase classname="sixthsense.RectangleRTest" name="testFindBox" time="0.0" />
  <testcase classname="sixthsense.RectangleRTest" name="testUnequalWidth" time="0.0" />
  <testcase classname="sixthsense.RectangleRTest" name="testUnequalX" time="0.0" />
  <testcase classname="sixthsense.RectangleRTest" name="testUnequalY" time="0.0" />
  <system-out><![CDATA[]]></system-out>
  <system-err><![CDATA[]]></system-err>
</testsuite>
